<?xml version="1.0" encoding="UTF-8"?>
<!-- Generated by org.testng.reporters.JUnitReportReporter -->
<testsuite hostname="Ericks-MacBook-Pro.local" failures="0" tests="1" name="com.Maven.MavenTest" time="0.006" errors="0" timestamp="02 Dec 2018 19:35:32 GMT" skipped="0">
  <testcase classname="com.Maven.MavenTest" name="hello" time="0.006"/>
</testsuite> <!-- com.Maven.MavenTest -->
